<?xml version="1.0" encoding="UTF-8"?>
<!-- Generated by org.testng.reporters.JUnitReportReporter -->
<testsuite hostname="DESKTOP-N60QB27" failures="0" tests="4" name="tests.EndToEndTest" time="8.626" errors="0" timestamp="2022-12-09T21:32:05 IST" skipped="0">
  <testcase classname="tests.EndToEndTest" name="loginTest" time="3.407"/>
  <testcase classname="tests.EndToEndTest" name="loginTest" time="3.380"/>
  <testcase classname="tests.EndToEndTest" name="selectProductAndCheckOutTest" time="0.484"/>
  <testcase classname="tests.EndToEndTest" name="selectProductAndCheckOutTest" time="1.355"/>
</testsuite> <!-- tests.EndToEndTest -->
