<?xml version="1.0" encoding="UTF-8"?>
<!-- Generated by org.testng.reporters.JUnitReportReporter -->
<testsuite hostname="DESKTOP-N60QB27" failures="0" tests="2" name="tests.EndToEndTest" time="4.720" errors="0" timestamp="2022-12-09T20:53:22 IST" skipped="0">
  <testcase classname="tests.EndToEndTest" name="loginTest" time="4.053"/>
  <testcase classname="tests.EndToEndTest" name="selectProductAndCheckOutTest" time="0.667"/>
</testsuite> <!-- tests.EndToEndTest -->
